<?xml version="1.0" encoding="UTF-8"?>
<testng-results skipped="0" failed="0" ignored="0" total="1" passed="1">
  <reporter-output>
  </reporter-output>
  <suite name="Default suite" duration-ms="24499" started-at="2019-06-25T13:37:07Z" finished-at="2019-06-25T13:37:31Z">
    <groups>
    </groups>
    <test name="Default test" duration-ms="24499" started-at="2019-06-25T13:37:07Z" finished-at="2019-06-25T13:37:31Z">
      <class name="com.solar.com.solar.TestSuite">
        <test-method status="PASS" signature="openBrowser()[pri:0, instance:com.solar.com.solar.TestSuite@768b970c]" name="openBrowser" is-config="true" duration-ms="22667" started-at="2019-06-25T13:37:07Z" finished-at="2019-06-25T13:37:29Z">
          <reporter-output>
          </reporter-output>
        </test-method> <!-- openBrowser -->
        <test-method status="PASS" signature="toVerifyResiRemoJourney()[pri:0, instance:com.solar.com.solar.TestSuite@768b970c]" name="toVerifyResiRemoJourney" duration-ms="1439" started-at="2019-06-25T13:37:29Z" finished-at="2019-06-25T13:37:31Z">
          <reporter-output>
          </reporter-output>
        </test-method> <!-- toVerifyResiRemoJourney -->
        <test-method status="PASS" signature="captureScreenshoot()[pri:0, instance:com.solar.com.solar.TestSuite@768b970c]" name="captureScreenshoot" is-config="true" duration-ms="341" started-at="2019-06-25T13:37:31Z" finished-at="2019-06-25T13:37:31Z">
          <reporter-output>
          </reporter-output>
        </test-method> <!-- captureScreenshoot -->
      </class> <!-- com.solar.com.solar.TestSuite -->
    </test> <!-- Default test -->
  </suite> <!-- Default suite -->
</testng-results>
